Using pre-set license
Built from '2020.3/staging' branch; Version is '2020.3.18f1 (a7d1c678663c) revision 10998214'; Using compiler version '192528614'; Build Type 'Release'
OS: 'Windows 10 Pro N; OS build 19043.1202; Version 2009; 64bit' Language: 'en' Physical Memory: 8075 MB
BatchMode: 1, IsHumanControllingUs: 0, StartBugReporterOnCrash: 0, Is64bit: 1, IsPro: 0

COMMAND LINE ARGUMENTS:
D:\Program Files\Unity Editor\2020.3.18f1\Editor\Unity.exe
-adb2
-batchMode
-noUpm
-name
AssetImportWorker2
-projectPath
D:/Github/Unity-Hovering-Space-Project/Project Hovering Space
-logFile
Logs/AssetImportWorker2.log
-srvPort
51316
Successfully changed project path to: D:/Github/Unity-Hovering-Space-Project/Project Hovering Space
D:/Github/Unity-Hovering-Space-Project/Project Hovering Space
Using Asset Import Pipeline V2.
Refreshing native plugins compatible for Editor in 83.19 ms, found 2 plugins.
Preloading 0 native plugins for Editor in 0.00 ms.
Initialize engine version: 2020.3.18f1 (a7d1c678663c)
[Subsystems] Discovering subsystems at path D:/Program Files/Unity Editor/2020.3.18f1/Editor/Data/Resources/UnitySubsystems
[Subsystems] Discovering subsystems at path D:/Github/Unity-Hovering-Space-Project/Project Hovering Space/Assets
GfxDevice: creating device client; threaded=0
Direct3D:
    Version:  Direct3D 11.0 [level 11.1]
    Renderer: NVIDIA GeForce GTX 1060 (ID=0x1c20)
    Vendor:   
    VRAM:     6052 MB
    Driver:   30.0.14.7196
Initialize mono
Mono path[0] = 'D:/Program Files/Unity Editor/2020.3.18f1/Editor/Data/Managed'
Mono path[1] = 'D:/Program Files/Unity Editor/2020.3.18f1/Editor/Data/MonoBleedingEdge/lib/mono/unityjit'
Mono config path = 'D:/Program Files/Unity Editor/2020.3.18f1/Editor/Data/MonoBleedingEdge/etc'
Using monoOptions --debugger-agent=transport=dt_socket,embedding=1,server=y,suspend=n,address=127.0.0.1:56652
Begin MonoManager ReloadAssembly
Registering precompiled unity dll's ...
Register platform support module: D:/Program Files/Unity Editor/2020.3.18f1/Editor/Data/PlaybackEngines/WindowsStandaloneSupport/UnityEditor.WindowsStandalone.Extensions.dll
Registered in 0.002157 seconds.
Native extension for WindowsStandalone target not found
Refreshing native plugins compatible for Editor in 73.00 ms, found 2 plugins.
Preloading 0 native plugins for Editor in 0.00 ms.
Mono: successfully reloaded assembly
- Completed reload, in  1.965 seconds
Domain Reload Profiling:
	ReloadAssembly (1965ms)
		BeginReloadAssembly (126ms)
			ExecutionOrderSort (0ms)
			DisableScriptedObjects (0ms)
			BackupInstance (0ms)
			ReleaseScriptingObjects (0ms)
			CreateAndSetChildDomain (1ms)
		EndReloadAssembly (621ms)
			LoadAssemblies (126ms)
			RebuildTransferFunctionScriptingTraits (0ms)
			SetupTypeCache (244ms)
			ReleaseScriptCaches (0ms)
			RebuildScriptCaches (47ms)
			SetupLoadedEditorAssemblies (252ms)
				LogAssemblyErrors (0ms)
				InitializePlatformSupportModulesInManaged (4ms)
				SetLoadedEditorAssemblies (0ms)
				RefreshPlugins (73ms)
				BeforeProcessingInitializeOnLoad (18ms)
				ProcessInitializeOnLoadAttributes (108ms)
				ProcessInitializeOnLoadMethodAttributes (48ms)
				AfterProcessingInitializeOnLoad (0ms)
				EditorAssembliesLoaded (0ms)
			ExecutionOrderSort2 (0ms)
			AwakeInstancesAfterBackupRestoration (0ms)
Platform modules already initialized, skipping
Registering precompiled user dll's ...
Registered in 0.006396 seconds.
Begin MonoManager ReloadAssembly
Native extension for WindowsStandalone target not found
Refreshing native plugins compatible for Editor in 126.57 ms, found 2 plugins.
Preloading 0 native plugins for Editor in 0.00 ms.
Mono: successfully reloaded assembly
- Completed reload, in  5.354 seconds
Domain Reload Profiling:
	ReloadAssembly (5356ms)
		BeginReloadAssembly (422ms)
			ExecutionOrderSort (0ms)
			DisableScriptedObjects (6ms)
			BackupInstance (0ms)
			ReleaseScriptingObjects (0ms)
			CreateAndSetChildDomain (38ms)
		EndReloadAssembly (4839ms)
			LoadAssemblies (1638ms)
			RebuildTransferFunctionScriptingTraits (0ms)
			SetupTypeCache (934ms)
			ReleaseScriptCaches (1ms)
			RebuildScriptCaches (79ms)
			SetupLoadedEditorAssemblies (2102ms)
				LogAssemblyErrors (0ms)
				InitializePlatformSupportModulesInManaged (14ms)
				SetLoadedEditorAssemblies (1ms)
				RefreshPlugins (127ms)
				BeforeProcessingInitializeOnLoad (167ms)
				ProcessInitializeOnLoadAttributes (1784ms)
				ProcessInitializeOnLoadMethodAttributes (4ms)
				AfterProcessingInitializeOnLoad (4ms)
				EditorAssembliesLoaded (1ms)
			ExecutionOrderSort2 (0ms)
			AwakeInstancesAfterBackupRestoration (7ms)
Platform modules already initialized, skipping
========================================================================
Worker process is ready to serve import requests
Launched and connected shader compiler UnityShaderCompiler.exe after 0.45 seconds
Refreshing native plugins compatible for Editor in 0.69 ms, found 2 plugins.
Preloading 0 native plugins for Editor in 0.00 ms.
Unloading 3089 Unused Serialized files (Serialized files now loaded: 0)
System memory in use before: 211.6 MB.
System memory in use after: 211.8 MB.

Unloading 19 unused Assets to reduce memory usage. Loaded Objects now: 3535.
Total: 4.805600 ms (FindLiveObjects: 0.384600 ms CreateObjectMapping: 0.194300 ms MarkObjects: 4.088200 ms  DeleteObjects: 0.137600 ms)

AssetImportParameters requested are different than current active one (requested -> active):
  custom:framework-win-MediaFoundation: 216162199b28c13a410421893ffa2e32 -> 
  custom:video-decoder-ogg-theora: a1e56fd34408186e4bbccfd4996cb3dc -> 
  custom:container-muxer-webm: aa71ff27fc2769a1b78a27578f13a17b -> 
  custom:container-demuxer-webm: 4f35f7cbe854078d1ac9338744f61a02 -> 
  custom:container-demuxer-ogg: 62fdf1f143b41e24485cea50d1cbac27 -> 
  custom:video-encoder-webm-vp8: eb34c28f22e8b96e1ab97ce403110664 -> 
  custom:video-decoder-webm-vp8: 9c59270c3fd7afecdb556c50c9e8de78 -> 
  custom:audio-decoder-ogg-vorbis: bf7c407c2cedff20999df2af8eb42d56 -> 
  custom:audio-encoder-webm-vorbis: bf7c407c2cedff20999df2af8eb42d56 -> 
========================================================================
Received Import Request.
  path: Assets/Prefabs/Gun/Gun Pack/Assault Rifle/ARA2.prefab
  artifactKey: Guid(f49dce3ed33381441b352676f458f97d) Importer(815301076,1909f56bfc062723c751e8b465ee728b)
Start importing Assets/Prefabs/Gun/Gun Pack/Assault Rifle/ARA2.prefab using Guid(f49dce3ed33381441b352676f458f97d) Importer(815301076,1909f56bfc062723c751e8b465ee728b)  -> (artifact id: '598aa73c020791f6443f68aca6a64aaf') in 0.861132 seconds 
  Import took 1.045225 seconds .

========================================================================
Received Import Request.
  Time since last request: 24.776312 seconds.
  path: Assets/Prefabs/Gun/Gun Pack/Assault Rifle/ARA2.prefab
  artifactKey: Guid(f49dce3ed33381441b352676f458f97d) Importer(815301076,1909f56bfc062723c751e8b465ee728b)
Start importing Assets/Prefabs/Gun/Gun Pack/Assault Rifle/ARA2.prefab using Guid(f49dce3ed33381441b352676f458f97d) Importer(815301076,1909f56bfc062723c751e8b465ee728b)  -> (artifact id: '0868f6c2bdb15a3accd64860c363345a') in 0.035416 seconds 
  Import took 0.090298 seconds .

========================================================================
Received Import Request.
  Time since last request: 1.650241 seconds.
  path: Assets/Prefabs/Gun/Gun Pack/Assault Rifle/ARA2.prefab
  artifactKey: Guid(f49dce3ed33381441b352676f458f97d) Importer(815301076,1909f56bfc062723c751e8b465ee728b)
Start importing Assets/Prefabs/Gun/Gun Pack/Assault Rifle/ARA2.prefab using Guid(f49dce3ed33381441b352676f458f97d) Importer(815301076,1909f56bfc062723c751e8b465ee728b)  -> (artifact id: 'c7124da0cba0c437f9d15a38e7453c69') in 0.030009 seconds 
  Import took 0.100919 seconds .

========================================================================
Received Import Request.
  Time since last request: 0.491519 seconds.
  path: Assets/Prefabs/Gun/Gun Pack/Assault Rifle/ARA2.prefab
  artifactKey: Guid(f49dce3ed33381441b352676f458f97d) Importer(815301076,1909f56bfc062723c751e8b465ee728b)
Start importing Assets/Prefabs/Gun/Gun Pack/Assault Rifle/ARA2.prefab using Guid(f49dce3ed33381441b352676f458f97d) Importer(815301076,1909f56bfc062723c751e8b465ee728b)  -> (artifact id: '965c380383900a1bb79fd48b9b2c36b1') in 0.026383 seconds 
  Import took 0.177915 seconds .

========================================================================
Received Import Request.
  Time since last request: 0.592995 seconds.
  path: Assets/Prefabs/Gun/Gun Pack/Assault Rifle/ARA2.prefab
  artifactKey: Guid(f49dce3ed33381441b352676f458f97d) Importer(815301076,1909f56bfc062723c751e8b465ee728b)
Start importing Assets/Prefabs/Gun/Gun Pack/Assault Rifle/ARA2.prefab using Guid(f49dce3ed33381441b352676f458f97d) Importer(815301076,1909f56bfc062723c751e8b465ee728b)  -> (artifact id: 'da823d86568e7950a96d58e88f4c2801') in 0.031698 seconds 
  Import took 0.060270 seconds .

========================================================================
Received Import Request.
  Time since last request: 0.921784 seconds.
  path: Assets/Prefabs/Gun/Gun Pack/Assault Rifle/ARA2.prefab
  artifactKey: Guid(f49dce3ed33381441b352676f458f97d) Importer(815301076,1909f56bfc062723c751e8b465ee728b)
Start importing Assets/Prefabs/Gun/Gun Pack/Assault Rifle/ARA2.prefab using Guid(f49dce3ed33381441b352676f458f97d) Importer(815301076,1909f56bfc062723c751e8b465ee728b)  -> (artifact id: 'fbacb7cb3e5e2b5e8bf4157b564040cb') in 0.027433 seconds 
  Import took 0.080132 seconds .

========================================================================
Received Import Request.
  Time since last request: 1.640879 seconds.
  path: Assets/Prefabs/Gun/Gun Pack/Assault Rifle/ARA2.prefab
  artifactKey: Guid(f49dce3ed33381441b352676f458f97d) Importer(815301076,1909f56bfc062723c751e8b465ee728b)
Start importing Assets/Prefabs/Gun/Gun Pack/Assault Rifle/ARA2.prefab using Guid(f49dce3ed33381441b352676f458f97d) Importer(815301076,1909f56bfc062723c751e8b465ee728b)  -> (artifact id: '9e201fcb911256840a80db66a60419bd') in 0.026380 seconds 
  Import took 0.082812 seconds .

========================================================================
Received Import Request.
  Time since last request: 1.493540 seconds.
  path: Assets/Prefabs/Gun/Gun Pack/Assault Rifle/ARA2.prefab
  artifactKey: Guid(f49dce3ed33381441b352676f458f97d) Importer(815301076,1909f56bfc062723c751e8b465ee728b)
Start importing Assets/Prefabs/Gun/Gun Pack/Assault Rifle/ARA2.prefab using Guid(f49dce3ed33381441b352676f458f97d) Importer(815301076,1909f56bfc062723c751e8b465ee728b)  -> (artifact id: 'c7142d898a70a49b6b40e50dc9fbf5cd') in 0.028438 seconds 
  Import took 0.036553 seconds .

========================================================================
Received Import Request.
  Time since last request: 1.387196 seconds.
  path: Assets/Prefabs/Gun/Gun Pack/Assault Rifle/ARA2.prefab
  artifactKey: Guid(f49dce3ed33381441b352676f458f97d) Importer(815301076,1909f56bfc062723c751e8b465ee728b)
Start importing Assets/Prefabs/Gun/Gun Pack/Assault Rifle/ARA2.prefab using Guid(f49dce3ed33381441b352676f458f97d) Importer(815301076,1909f56bfc062723c751e8b465ee728b)  -> (artifact id: 'ed9002131ddd8f334962189d758420f6') in 0.030915 seconds 
  Import took 0.054513 seconds .

========================================================================
Received Import Request.
  Time since last request: 2.692994 seconds.
  path: Assets/Prefabs/Gun/Gun Pack/Assault Rifle/ARA2.prefab
  artifactKey: Guid(f49dce3ed33381441b352676f458f97d) Importer(815301076,1909f56bfc062723c751e8b465ee728b)
Start importing Assets/Prefabs/Gun/Gun Pack/Assault Rifle/ARA2.prefab using Guid(f49dce3ed33381441b352676f458f97d) Importer(815301076,1909f56bfc062723c751e8b465ee728b)  -> (artifact id: 'de84a3f5e48db07c6c5f6295c7ece67e') in 0.030784 seconds 
  Import took 0.059820 seconds .

========================================================================
Received Prepare
Registering precompiled user dll's ...
Registered in 0.004752 seconds.
Begin MonoManager ReloadAssembly
Native extension for WindowsStandalone target not found
Refreshing native plugins compatible for Editor in 0.66 ms, found 2 plugins.
Preloading 0 native plugins for Editor in 0.00 ms.
Mono: successfully reloaded assembly
- Completed reload, in  1.750 seconds
Domain Reload Profiling:
	ReloadAssembly (1750ms)
		BeginReloadAssembly (170ms)
			ExecutionOrderSort (0ms)
			DisableScriptedObjects (8ms)
			BackupInstance (0ms)
			ReleaseScriptingObjects (0ms)
			CreateAndSetChildDomain (47ms)
		EndReloadAssembly (1518ms)
			LoadAssemblies (132ms)
			RebuildTransferFunctionScriptingTraits (0ms)
			SetupTypeCache (392ms)
			ReleaseScriptCaches (2ms)
			RebuildScriptCaches (66ms)
			SetupLoadedEditorAssemblies (763ms)
				LogAssemblyErrors (0ms)
				InitializePlatformSupportModulesInManaged (8ms)
				SetLoadedEditorAssemblies (1ms)
				RefreshPlugins (1ms)
				BeforeProcessingInitializeOnLoad (138ms)
				ProcessInitializeOnLoadAttributes (605ms)
				ProcessInitializeOnLoadMethodAttributes (6ms)
				AfterProcessingInitializeOnLoad (4ms)
				EditorAssembliesLoaded (1ms)
			ExecutionOrderSort2 (0ms)
			AwakeInstancesAfterBackupRestoration (25ms)
Platform modules already initialized, skipping
Refreshing native plugins compatible for Editor in 0.74 ms, found 2 plugins.
Preloading 0 native plugins for Editor in 0.00 ms.
Unloading 2976 Unused Serialized files (Serialized files now loaded: 0)
System memory in use before: 209.0 MB.
System memory in use after: 209.3 MB.

Unloading 14 unused Assets to reduce memory usage. Loaded Objects now: 3582.
Total: 4.750300 ms (FindLiveObjects: 0.377500 ms CreateObjectMapping: 0.251000 ms MarkObjects: 4.086300 ms  DeleteObjects: 0.033800 ms)

AssetImportParameters requested are different than current active one (requested -> active):
  custom:framework-win-MediaFoundation: 216162199b28c13a410421893ffa2e32 -> 
  custom:video-decoder-ogg-theora: a1e56fd34408186e4bbccfd4996cb3dc -> 
  custom:container-muxer-webm: aa71ff27fc2769a1b78a27578f13a17b -> 
  custom:container-demuxer-webm: 4f35f7cbe854078d1ac9338744f61a02 -> 
  custom:container-demuxer-ogg: 62fdf1f143b41e24485cea50d1cbac27 -> 
  custom:video-encoder-webm-vp8: eb34c28f22e8b96e1ab97ce403110664 -> 
  custom:video-decoder-webm-vp8: 9c59270c3fd7afecdb556c50c9e8de78 -> 
  custom:audio-decoder-ogg-vorbis: bf7c407c2cedff20999df2af8eb42d56 -> 
  custom:audio-encoder-webm-vorbis: bf7c407c2cedff20999df2af8eb42d56 -> 
========================================================================
Received Import Request.
  Time since last request: 10.556875 seconds.
  path: Assets/Prefabs/Gun/Gun Pack/Assault Rifle/ARA2.prefab
  artifactKey: Guid(f49dce3ed33381441b352676f458f97d) Importer(815301076,1909f56bfc062723c751e8b465ee728b)
Start importing Assets/Prefabs/Gun/Gun Pack/Assault Rifle/ARA2.prefab using Guid(f49dce3ed33381441b352676f458f97d) Importer(815301076,1909f56bfc062723c751e8b465ee728b)  -> (artifact id: '5ec3aee009822548b28553a6fd2b01bf') in 0.314183 seconds 
  Import took 0.363671 seconds .

========================================================================
Received Prepare
Registering precompiled user dll's ...
Registered in 0.005003 seconds.
Begin MonoManager ReloadAssembly
Native extension for WindowsStandalone target not found
Refreshing native plugins compatible for Editor in 0.82 ms, found 2 plugins.
Preloading 0 native plugins for Editor in 0.00 ms.
Mono: successfully reloaded assembly
- Completed reload, in  1.462 seconds
Domain Reload Profiling:
	ReloadAssembly (1463ms)
		BeginReloadAssembly (149ms)
			ExecutionOrderSort (0ms)
			DisableScriptedObjects (7ms)
			BackupInstance (0ms)
			ReleaseScriptingObjects (0ms)
			CreateAndSetChildDomain (44ms)
		EndReloadAssembly (1251ms)
			LoadAssemblies (138ms)
			RebuildTransferFunctionScriptingTraits (0ms)
			SetupTypeCache (368ms)
			ReleaseScriptCaches (1ms)
			RebuildScriptCaches (56ms)
			SetupLoadedEditorAssemblies (540ms)
				LogAssemblyErrors (0ms)
				InitializePlatformSupportModulesInManaged (6ms)
				SetLoadedEditorAssemblies (1ms)
				RefreshPlugins (1ms)
				BeforeProcessingInitializeOnLoad (92ms)
				ProcessInitializeOnLoadAttributes (430ms)
				ProcessInitializeOnLoadMethodAttributes (6ms)
				AfterProcessingInitializeOnLoad (4ms)
				EditorAssembliesLoaded (1ms)
			ExecutionOrderSort2 (0ms)
			AwakeInstancesAfterBackupRestoration (19ms)
Platform modules already initialized, skipping
Refreshing native plugins compatible for Editor in 0.72 ms, found 2 plugins.
Preloading 0 native plugins for Editor in 0.00 ms.
Unloading 2976 Unused Serialized files (Serialized files now loaded: 0)
System memory in use before: 209.3 MB.
System memory in use after: 209.5 MB.

Unloading 14 unused Assets to reduce memory usage. Loaded Objects now: 3620.
Total: 4.508900 ms (FindLiveObjects: 0.294500 ms CreateObjectMapping: 0.117400 ms MarkObjects: 4.044800 ms  DeleteObjects: 0.051400 ms)

AssetImportParameters requested are different than current active one (requested -> active):
  custom:framework-win-MediaFoundation: 216162199b28c13a410421893ffa2e32 -> 
  custom:video-decoder-ogg-theora: a1e56fd34408186e4bbccfd4996cb3dc -> 
  custom:container-muxer-webm: aa71ff27fc2769a1b78a27578f13a17b -> 
  custom:container-demuxer-webm: 4f35f7cbe854078d1ac9338744f61a02 -> 
  custom:container-demuxer-ogg: 62fdf1f143b41e24485cea50d1cbac27 -> 
  custom:video-encoder-webm-vp8: eb34c28f22e8b96e1ab97ce403110664 -> 
  custom:video-decoder-webm-vp8: 9c59270c3fd7afecdb556c50c9e8de78 -> 
  custom:audio-decoder-ogg-vorbis: bf7c407c2cedff20999df2af8eb42d56 -> 
  custom:audio-encoder-webm-vorbis: bf7c407c2cedff20999df2af8eb42d56 -> 
========================================================================
Received Import Request.
  Time since last request: 500.295312 seconds.
  path: Assets/Prefabs/Gun/Gun Pack/Assault Rifle/ARA2.prefab
  artifactKey: Guid(f49dce3ed33381441b352676f458f97d) Importer(815301076,1909f56bfc062723c751e8b465ee728b)
Start importing Assets/Prefabs/Gun/Gun Pack/Assault Rifle/ARA2.prefab using Guid(f49dce3ed33381441b352676f458f97d) Importer(815301076,1909f56bfc062723c751e8b465ee728b)  -> (artifact id: 'd0790e94b11b9690015520873d1b3f91') in 0.206862 seconds 
  Import took 0.281908 seconds .

========================================================================
Received Import Request.
  Time since last request: 0.757795 seconds.
  path: Assets/Prefabs/Gun/Gun Pack/Assault Rifle/ARA2.prefab
  artifactKey: Guid(f49dce3ed33381441b352676f458f97d) Importer(815301076,1909f56bfc062723c751e8b465ee728b)
Start importing Assets/Prefabs/Gun/Gun Pack/Assault Rifle/ARA2.prefab using Guid(f49dce3ed33381441b352676f458f97d) Importer(815301076,1909f56bfc062723c751e8b465ee728b)  -> (artifact id: 'c1029bbdfdfdfcd65689e44ca23960a2') in 0.027541 seconds 
  Import took 0.104046 seconds .

========================================================================
Received Import Request.
  Time since last request: 0.867217 seconds.
  path: Assets/Prefabs/Gun/Gun Pack/Assault Rifle/ARA2.prefab
  artifactKey: Guid(f49dce3ed33381441b352676f458f97d) Importer(815301076,1909f56bfc062723c751e8b465ee728b)
Start importing Assets/Prefabs/Gun/Gun Pack/Assault Rifle/ARA2.prefab using Guid(f49dce3ed33381441b352676f458f97d) Importer(815301076,1909f56bfc062723c751e8b465ee728b)  -> (artifact id: '6108d52fed520628ea76b4dda8849045') in 0.029833 seconds 
  Import took 0.057538 seconds .

========================================================================
Received Import Request.
  Time since last request: 1.195256 seconds.
  path: Assets/Prefabs/Gun/Gun Pack/Assault Rifle/ARA2.prefab
  artifactKey: Guid(f49dce3ed33381441b352676f458f97d) Importer(815301076,1909f56bfc062723c751e8b465ee728b)
Start importing Assets/Prefabs/Gun/Gun Pack/Assault Rifle/ARA2.prefab using Guid(f49dce3ed33381441b352676f458f97d) Importer(815301076,1909f56bfc062723c751e8b465ee728b)  -> (artifact id: '5e23a2a367b201383507896df5ba12b2') in 0.028963 seconds 
  Import took 0.068383 seconds .

========================================================================
Received Import Request.
  Time since last request: 2.115113 seconds.
  path: Assets/Prefabs/Gun/Gun Pack/Assault Rifle/ARA2.prefab
  artifactKey: Guid(f49dce3ed33381441b352676f458f97d) Importer(815301076,1909f56bfc062723c751e8b465ee728b)
Start importing Assets/Prefabs/Gun/Gun Pack/Assault Rifle/ARA2.prefab using Guid(f49dce3ed33381441b352676f458f97d) Importer(815301076,1909f56bfc062723c751e8b465ee728b)  -> (artifact id: '66202bac7426a55322bd62e0fa5aada9') in 0.028174 seconds 
  Import took 0.099152 seconds .

========================================================================
Received Prepare
Registering precompiled user dll's ...
Registered in 0.004193 seconds.
Begin MonoManager ReloadAssembly
Native extension for WindowsStandalone target not found
Refreshing native plugins compatible for Editor in 0.87 ms, found 2 plugins.
Preloading 0 native plugins for Editor in 0.00 ms.
Mono: successfully reloaded assembly
- Completed reload, in  1.700 seconds
Domain Reload Profiling:
	ReloadAssembly (1701ms)
		BeginReloadAssembly (146ms)
			ExecutionOrderSort (0ms)
			DisableScriptedObjects (8ms)
			BackupInstance (0ms)
			ReleaseScriptingObjects (0ms)
			CreateAndSetChildDomain (43ms)
		EndReloadAssembly (1497ms)
			LoadAssemblies (123ms)
			RebuildTransferFunctionScriptingTraits (0ms)
			SetupTypeCache (385ms)
			ReleaseScriptCaches (1ms)
			RebuildScriptCaches (55ms)
			SetupLoadedEditorAssemblies (727ms)
				LogAssemblyErrors (0ms)
				InitializePlatformSupportModulesInManaged (7ms)
				SetLoadedEditorAssemblies (1ms)
				RefreshPlugins (1ms)
				BeforeProcessingInitializeOnLoad (133ms)
				ProcessInitializeOnLoadAttributes (575ms)
				ProcessInitializeOnLoadMethodAttributes (7ms)
				AfterProcessingInitializeOnLoad (3ms)
				EditorAssembliesLoaded (1ms)
			ExecutionOrderSort2 (0ms)
			AwakeInstancesAfterBackupRestoration (25ms)
Platform modules already initialized, skipping
Refreshing native plugins compatible for Editor in 1.16 ms, found 2 plugins.
Preloading 0 native plugins for Editor in 0.00 ms.
Unloading 2976 Unused Serialized files (Serialized files now loaded: 0)
System memory in use before: 209.5 MB.
System memory in use after: 209.7 MB.

Unloading 14 unused Assets to reduce memory usage. Loaded Objects now: 3658.
Total: 7.551200 ms (FindLiveObjects: 0.384300 ms CreateObjectMapping: 0.168900 ms MarkObjects: 6.958300 ms  DeleteObjects: 0.038200 ms)

AssetImportParameters requested are different than current active one (requested -> active):
  custom:framework-win-MediaFoundation: 216162199b28c13a410421893ffa2e32 -> 
  custom:video-decoder-ogg-theora: a1e56fd34408186e4bbccfd4996cb3dc -> 
  custom:container-muxer-webm: aa71ff27fc2769a1b78a27578f13a17b -> 
  custom:container-demuxer-webm: 4f35f7cbe854078d1ac9338744f61a02 -> 
  custom:container-demuxer-ogg: 62fdf1f143b41e24485cea50d1cbac27 -> 
  custom:video-encoder-webm-vp8: eb34c28f22e8b96e1ab97ce403110664 -> 
  custom:video-decoder-webm-vp8: 9c59270c3fd7afecdb556c50c9e8de78 -> 
  custom:audio-decoder-ogg-vorbis: bf7c407c2cedff20999df2af8eb42d56 -> 
  custom:audio-encoder-webm-vorbis: bf7c407c2cedff20999df2af8eb42d56 -> 
========================================================================
Received Import Request.
  Time since last request: 7.561339 seconds.
  path: Assets/Prefabs/Gun/Gun Pack/Assault Rifle/ARA2.prefab
  artifactKey: Guid(f49dce3ed33381441b352676f458f97d) Importer(815301076,1909f56bfc062723c751e8b465ee728b)
Start importing Assets/Prefabs/Gun/Gun Pack/Assault Rifle/ARA2.prefab using Guid(f49dce3ed33381441b352676f458f97d) Importer(815301076,1909f56bfc062723c751e8b465ee728b)  -> (artifact id: '850800b937d4d97ef6be870ccc332602') in 0.299777 seconds 
  Import took 0.374795 seconds .

AssetImportWorkerClient::OnTransportError - code=2 error=End of file
